/*C1*/SET SCHEMA PUBLIC
CONNECT USER SA
/*C2*/SET SCHEMA PUBLIC
CONNECT USER SA
/*C3*/SET SCHEMA PUBLIC
CONNECT USER SA
/*C4*/SET SCHEMA PUBLIC
CONNECT USER SA
/*C5*/SET SCHEMA PUBLIC
CONNECT USER SA
/*C6*/SET SCHEMA PUBLIC
CONNECT USER SA
/*C7*/SET SCHEMA PUBLIC
CONNECT USER SA
/*C8*/SET SCHEMA PUBLIC
CONNECT USER SA
/*C9*/SET SCHEMA PUBLIC
CONNECT USER SA
/*C10*/SET SCHEMA PUBLIC
CONNECT USER SA
/*C11*/SET SCHEMA PUBLIC
CONNECT USER SA
/*C12*/SET SCHEMA PUBLIC
CONNECT USER SA
/*C13*/SET SCHEMA PUBLIC
CONNECT USER SA
/*C14*/SET SCHEMA PUBLIC
CONNECT USER SA
/*C15*/SET SCHEMA PUBLIC
CONNECT USER SA
/*C16*/SET SCHEMA PUBLIC
CONNECT USER SA
/*C17*/SET SCHEMA PUBLIC
CONNECT USER SA
/*C18*/SET SCHEMA PUBLIC
CONNECT USER SA
/*C19*/SET SCHEMA PUBLIC
CONNECT USER SA
/*C20*/SET SCHEMA PUBLIC
CONNECT USER SA
/*C21*/SET SCHEMA PUBLIC
CONNECT USER SA
/*C22*/SET SCHEMA PUBLIC
CONNECT USER SA
/*C23*/SET SCHEMA PUBLIC
CONNECT USER SA
/*C24*/SET SCHEMA PUBLIC
CONNECT USER SA
/*C25*/SET SCHEMA PUBLIC
CONNECT USER SA
/*C26*/SET SCHEMA PUBLIC
CONNECT USER SA
/*C27*/SET SCHEMA PUBLIC
CONNECT USER SA
/*C28*/SET SCHEMA PUBLIC
CONNECT USER SA
/*C29*/SET SCHEMA PUBLIC
CONNECT USER SA
/*C30*/SET SCHEMA PUBLIC
CONNECT USER SA
/*C31*/SET SCHEMA PUBLIC
CONNECT USER SA
SET AUTOCOMMIT FALSE
/*C21*/SET AUTOCOMMIT FALSE
SET AUTOCOMMIT TRUE
/*C31*/SET AUTOCOMMIT TRUE
SET AUTOCOMMIT FALSE
INSERT INTO MOVIE VALUES('C:\Users\rug\Videos\DivX Movies','0142324',NULL,'Number Five in the series consists of "Whataphony Newsreel", featuring a thirty-year-old automobile that still works...','5.9/10',10,'Goofy Movies Number Five (1934)',NULL,'/title/tt0142324/','(11 votes)')
INSERT INTO MOVIE_GENRE VALUES('C:\Users\rug\Videos\DivX Movies','Comedy')
INSERT INTO MOVIE_GENRE VALUES('C:\Users\rug\Videos\DivX Movies','IMDb Comedy section')
INSERT INTO MOVIE_GENRE VALUES('C:\Users\rug\Videos\DivX Movies','Short')
INSERT INTO MOVIE_LANGUAGE VALUES('C:\Users\rug\Videos\DivX Movies','English')
COMMIT
SET AUTOCOMMIT TRUE
/*C21*/SET AUTOCOMMIT FALSE
SET AUTOCOMMIT TRUE
SET AUTOCOMMIT FALSE
INSERT INTO MOVIE VALUES('C:\Users\rug\Videos\Miro','0308585','http://ia.media-imdb.com/images/M/MV5BMTU4MjE0ODUzMl5BMl5BanBnXkFtZTcwMDgwODMyMQ@@._V1._SX99_SY140_.jpg','','(awaiting 5 votes)',90,'Miro (1968)',NULL,'/title/tt0308585/','<!-- function tn15resize(timeout, chain) { var timer; return function() { window.clearTimeout(timer); timer = window.setTimeout(function() { try { var w; if (self.innerWidth) w = self.innerWidth; else if (document.documentElement && document.documentElement.clientWidth) w = document.documentElement.clientWidth; else if (document.body) w = document.body.clientWidth; document.getElementById(''tn15content'').className = w < 950 ? ''thin'' : ''wide''; } catch (e) { } }, timeout); if (chain) chain(); } } window.onload = tn15resize(1000, window.onload); window.onresize = tn15resize(100, window.onresize); (tn15resize(100))(); //-->')
INSERT INTO MOVIE_GENRE VALUES('C:\Users\rug\Videos\Miro','Drama')
INSERT INTO MOVIE_GENRE VALUES('C:\Users\rug\Videos\Miro','IMDb Drama section')
INSERT INTO MOVIE_LANGUAGE VALUES('C:\Users\rug\Videos\Miro','Korean')
COMMIT
SET AUTOCOMMIT TRUE
SET AUTOCOMMIT FALSE
SET AUTOCOMMIT TRUE
/*C19*/DISCONNECT
/*C15*/DISCONNECT
/*C18*/DISCONNECT
/*C12*/DISCONNECT
/*C17*/DISCONNECT
/*C8*/DISCONNECT
/*C2*/DISCONNECT
/*C7*/DISCONNECT
/*C6*/DISCONNECT
/*C1*/DISCONNECT
/*C11*/DISCONNECT
/*C3*/DISCONNECT
/*C10*/DISCONNECT
/*C5*/DISCONNECT
/*C4*/DISCONNECT
/*C14*/DISCONNECT
/*C13*/DISCONNECT
/*C16*/DISCONNECT
/*C9*/DISCONNECT
/*C20*/DISCONNECT
/*C32*/SET SCHEMA PUBLIC
CONNECT USER SA
/*C33*/SET SCHEMA PUBLIC
CONNECT USER SA
/*C34*/SET SCHEMA PUBLIC
CONNECT USER SA
/*C35*/SET SCHEMA PUBLIC
CONNECT USER SA
/*C36*/SET SCHEMA PUBLIC
CONNECT USER SA
/*C23*/DISCONNECT
/*C21*/DISCONNECT
/*C25*/DISCONNECT
/*C31*/DISCONNECT
/*C30*/DISCONNECT
/*C28*/DISCONNECT
/*C29*/DISCONNECT
/*C26*/DISCONNECT
/*C22*/DISCONNECT
/*C27*/DISCONNECT
/*C37*/SET SCHEMA PUBLIC
CONNECT USER SA
/*C38*/SET SCHEMA PUBLIC
CONNECT USER SA
/*C24*/DISCONNECT
/*C39*/SET SCHEMA PUBLIC
CONNECT USER SA
/*C40*/SET SCHEMA PUBLIC
CONNECT USER SA
/*C41*/SET SCHEMA PUBLIC
CONNECT USER SA
/*C36*/DISCONNECT
/*C35*/DISCONNECT
/*C32*/DISCONNECT
/*C34*/DISCONNECT
/*C33*/DISCONNECT
/*C42*/SET SCHEMA PUBLIC
CONNECT USER SA
/*C43*/SET SCHEMA PUBLIC
CONNECT USER SA
/*C44*/SET SCHEMA PUBLIC
CONNECT USER SA
/*C45*/SET SCHEMA PUBLIC
CONNECT USER SA
/*C46*/SET SCHEMA PUBLIC
CONNECT USER SA
/*C41*/DISCONNECT
/*C40*/DISCONNECT
/*C39*/DISCONNECT
/*C38*/DISCONNECT
/*C37*/DISCONNECT
/*C47*/SET SCHEMA PUBLIC
CONNECT USER SA
/*C48*/SET SCHEMA PUBLIC
CONNECT USER SA
/*C49*/SET SCHEMA PUBLIC
CONNECT USER SA
/*C50*/SET SCHEMA PUBLIC
CONNECT USER SA
/*C51*/SET SCHEMA PUBLIC
CONNECT USER SA
/*C46*/DISCONNECT
/*C45*/DISCONNECT
/*C44*/DISCONNECT
/*C42*/DISCONNECT
/*C43*/DISCONNECT
/*C52*/SET SCHEMA PUBLIC
CONNECT USER SA
/*C53*/SET SCHEMA PUBLIC
CONNECT USER SA
/*C54*/SET SCHEMA PUBLIC
CONNECT USER SA
/*C55*/SET SCHEMA PUBLIC
CONNECT USER SA
/*C56*/SET SCHEMA PUBLIC
CONNECT USER SA
/*C51*/DISCONNECT
/*C50*/DISCONNECT
/*C49*/DISCONNECT
/*C48*/DISCONNECT
/*C47*/DISCONNECT
/*C57*/SET SCHEMA PUBLIC
CONNECT USER SA
/*C58*/SET SCHEMA PUBLIC
CONNECT USER SA
/*C59*/SET SCHEMA PUBLIC
CONNECT USER SA
/*C60*/SET SCHEMA PUBLIC
CONNECT USER SA
/*C61*/SET SCHEMA PUBLIC
CONNECT USER SA
